<?xml version="1.0" encoding="UTF-8"?>
<!-- Generated by org.testng.reporters.JUnitXMLReporter -->
<testsuite hostname="Karthick" name="regression test" tests="5" failures="0" timestamp="3 Feb 2020 02:15:33 GMT" time="17.902" errors="0">
  <testcase name="verifyHelpPageUrl" time="2.747" classname="com.ebay.tests.HelpAndContactPageTests"/>
  <testcase name="verifyHelpPageHeading" time="2.393" classname="com.ebay.tests.HelpAndContactPageTests"/>
  <testcase name="verifyHelpSearch" time="5.77" classname="com.ebay.tests.HelpAndContactPageTests"/>
  <testcase name="verifyHelpBreadCrum" time="0.039" classname="com.ebay.tests.HelpAndContactPageTests"/>
  <testcase name="verifyDailyDealsUrl" time="1.155" classname="com.ebay.tests.HelpAndContactPageTests"/>
</testsuite> <!-- regression test -->
